{"level":"info","message":"Starting a postgresql pool with 5 connections.","target":"quaint::pooled","timestamp":"2025-07-10T11:36:15.464Z"}
{"level":"info","message":{"duration":2,"params":"[\"Dio\",0]","query":"SELECT COUNT(*) AS \"_count._all\" FROM (SELECT \"public\".\"users\".\"username\" FROM \"public\".\"users\" WHERE \"public\".\"users\".\"username\" = $1 OFFSET $2) AS \"sub\"","target":"quaint::connector::metrics","timestamp":"2025-07-10T11:36:15.537Z"},"timestamp":"2025-07-10T11:36:15.537Z"}
{"level":"info","message":{"duration":1,"params":"[\"Dio\",\"$2b$10$dfc7amLQQx2fNMZdPeR.veRLCzxMEIoFhh9.jvyP0hTBeUzIf1jv2\",\"Dio\"]","query":"INSERT INTO \"public\".\"users\" (\"username\",\"password\",\"name\") VALUES ($1,$2,$3) RETURNING \"public\".\"users\".\"username\", \"public\".\"users\".\"name\"","target":"quaint::connector::metrics","timestamp":"2025-07-10T11:36:15.642Z"},"timestamp":"2025-07-10T11:36:15.642Z"}
{"level":"info","message":"Apakah dia promise? undefined","timestamp":"2025-07-10T11:36:15.656Z"}
{"level":"info","message":{"duration":2,"params":"[\"Dio\"]","query":"DELETE FROM \"public\".\"users\" WHERE \"public\".\"users\".\"username\" = $1","target":"quaint::connector::metrics","timestamp":"2025-07-10T11:36:15.668Z"},"timestamp":"2025-07-10T11:36:15.668Z"}
{"level":"info","message":"Apakah dia promise? function","timestamp":"2025-07-10T11:39:04.207Z"}
{"level":"info","message":"Starting a postgresql pool with 5 connections.","target":"quaint::pooled","timestamp":"2025-07-10T11:39:04.259Z"}
{"level":"info","message":{"duration":2,"params":"[\"Dio\"]","query":"DELETE FROM \"public\".\"users\" WHERE \"public\".\"users\".\"username\" = $1","target":"quaint::connector::metrics","timestamp":"2025-07-10T11:39:04.402Z"},"timestamp":"2025-07-10T11:39:04.402Z"}
{"level":"info","message":{"duration":1,"params":"[\"\",0]","query":"SELECT COUNT(*) AS \"_count._all\" FROM (SELECT \"public\".\"users\".\"username\" FROM \"public\".\"users\" WHERE \"public\".\"users\".\"username\" = $1 OFFSET $2) AS \"sub\"","target":"quaint::connector::metrics","timestamp":"2025-07-10T11:39:04.455Z"},"timestamp":"2025-07-10T11:39:04.455Z"}
{"level":"info","message":{"errors":"Username Sudah Digunakan"},"timestamp":"2025-07-10T11:39:04.466Z"}
{"level":"info","message":{"duration":0,"params":"[\"Dio\"]","query":"DELETE FROM \"public\".\"users\" WHERE \"public\".\"users\".\"username\" = $1","target":"quaint::connector::metrics","timestamp":"2025-07-10T11:39:04.468Z"},"timestamp":"2025-07-10T11:39:04.468Z"}
{"level":"info","message":{"duration":0,"params":"[\"Dio\",0]","query":"SELECT COUNT(*) AS \"_count._all\" FROM (SELECT \"public\".\"users\".\"username\" FROM \"public\".\"users\" WHERE \"public\".\"users\".\"username\" = $1 OFFSET $2) AS \"sub\"","target":"quaint::connector::metrics","timestamp":"2025-07-10T11:39:04.477Z"},"timestamp":"2025-07-10T11:39:04.477Z"}
{"level":"info","message":{"duration":2,"params":"[\"Dio\",\"$2b$10$6pRZhPg918qs.LBGJ53n4OI9jaYkrKn98AD0iscfXO2N/e88DkaSi\",\"Dio\"]","query":"INSERT INTO \"public\".\"users\" (\"username\",\"password\",\"name\") VALUES ($1,$2,$3) RETURNING \"public\".\"users\".\"username\", \"public\".\"users\".\"name\"","target":"quaint::connector::metrics","timestamp":"2025-07-10T11:39:04.565Z"},"timestamp":"2025-07-10T11:39:04.565Z"}
{"level":"info","message":{"duration":0,"params":"[\"Dio\",0]","query":"SELECT COUNT(*) AS \"_count._all\" FROM (SELECT \"public\".\"users\".\"username\" FROM \"public\".\"users\" WHERE \"public\".\"users\".\"username\" = $1 OFFSET $2) AS \"sub\"","target":"quaint::connector::metrics","timestamp":"2025-07-10T11:39:04.574Z"},"timestamp":"2025-07-10T11:39:04.574Z"}
{"level":"info","message":{"errors":"Username Sudah Digunakan"},"timestamp":"2025-07-10T11:39:04.576Z"}
{"level":"info","message":{"duration":2,"params":"[\"Dio\"]","query":"DELETE FROM \"public\".\"users\" WHERE \"public\".\"users\".\"username\" = $1","target":"quaint::connector::metrics","timestamp":"2025-07-10T11:39:04.581Z"},"timestamp":"2025-07-10T11:39:04.581Z"}
{"level":"info","message":"Starting a postgresql pool with 5 connections.","target":"quaint::pooled","timestamp":"2025-07-10T11:39:45.221Z"}
{"level":"info","message":{"duration":2,"params":"[\"Dio\",0]","query":"SELECT COUNT(*) AS \"_count._all\" FROM (SELECT \"public\".\"users\".\"username\" FROM \"public\".\"users\" WHERE \"public\".\"users\".\"username\" = $1 OFFSET $2) AS \"sub\"","target":"quaint::connector::metrics","timestamp":"2025-07-10T11:39:45.282Z"},"timestamp":"2025-07-10T11:39:45.282Z"}
{"level":"info","message":{"duration":3,"params":"[\"Dio\",\"$2b$10$WfhzII4H61uHzzXNcTUcY.ZZxqT/gf.CrrNPeipbLz6/566Tum0vS\",\"Dio\"]","query":"INSERT INTO \"public\".\"users\" (\"username\",\"password\",\"name\") VALUES ($1,$2,$3) RETURNING \"public\".\"users\".\"username\", \"public\".\"users\".\"name\"","target":"quaint::connector::metrics","timestamp":"2025-07-10T11:39:45.369Z"},"timestamp":"2025-07-10T11:39:45.369Z"}
{"level":"info","message":"Apakah dia promise?undefined","timestamp":"2025-07-10T11:39:45.375Z"}
{"level":"info","message":{"duration":1,"params":"[\"Dio\"]","query":"DELETE FROM \"public\".\"users\" WHERE \"public\".\"users\".\"username\" = $1","target":"quaint::connector::metrics","timestamp":"2025-07-10T11:39:45.380Z"},"timestamp":"2025-07-10T11:39:45.380Z"}
{"level":"info","message":{"duration":0,"params":"[\"\",0]","query":"SELECT COUNT(*) AS \"_count._all\" FROM (SELECT \"public\".\"users\".\"username\" FROM \"public\".\"users\" WHERE \"public\".\"users\".\"username\" = $1 OFFSET $2) AS \"sub\"","target":"quaint::connector::metrics","timestamp":"2025-07-10T11:39:45.414Z"},"timestamp":"2025-07-10T11:39:45.414Z"}
{"level":"info","message":{"errors":"Username Sudah Digunakan"},"timestamp":"2025-07-10T11:39:45.419Z"}
{"level":"info","message":{"duration":0,"params":"[\"Dio\"]","query":"DELETE FROM \"public\".\"users\" WHERE \"public\".\"users\".\"username\" = $1","target":"quaint::connector::metrics","timestamp":"2025-07-10T11:39:45.422Z"},"timestamp":"2025-07-10T11:39:45.422Z"}
{"level":"info","message":{"duration":0,"params":"[\"Dio\",0]","query":"SELECT COUNT(*) AS \"_count._all\" FROM (SELECT \"public\".\"users\".\"username\" FROM \"public\".\"users\" WHERE \"public\".\"users\".\"username\" = $1 OFFSET $2) AS \"sub\"","target":"quaint::connector::metrics","timestamp":"2025-07-10T11:39:45.431Z"},"timestamp":"2025-07-10T11:39:45.431Z"}
{"level":"info","message":{"duration":0,"params":"[\"Dio\",\"$2b$10$is2UViOG0hP0fyZ23MPI4.79SOmpoRJtk0Qe07UJ.uyp9AZlfEsz.\",\"Dio\"]","query":"INSERT INTO \"public\".\"users\" (\"username\",\"password\",\"name\") VALUES ($1,$2,$3) RETURNING \"public\".\"users\".\"username\", \"public\".\"users\".\"name\"","target":"quaint::connector::metrics","timestamp":"2025-07-10T11:39:45.513Z"},"timestamp":"2025-07-10T11:39:45.514Z"}
{"level":"info","message":{"duration":0,"params":"[\"Dio\",0]","query":"SELECT COUNT(*) AS \"_count._all\" FROM (SELECT \"public\".\"users\".\"username\" FROM \"public\".\"users\" WHERE \"public\".\"users\".\"username\" = $1 OFFSET $2) AS \"sub\"","target":"quaint::connector::metrics","timestamp":"2025-07-10T11:39:45.522Z"},"timestamp":"2025-07-10T11:39:45.522Z"}
{"level":"info","message":{"errors":"Username Sudah Digunakan"},"timestamp":"2025-07-10T11:39:45.525Z"}
{"level":"info","message":{"duration":0,"params":"[\"Dio\"]","query":"DELETE FROM \"public\".\"users\" WHERE \"public\".\"users\".\"username\" = $1","target":"quaint::connector::metrics","timestamp":"2025-07-10T11:39:45.529Z"},"timestamp":"2025-07-10T11:39:45.529Z"}
{"level":"info","message":"Starting a postgresql pool with 5 connections.","target":"quaint::pooled","timestamp":"2025-07-11T11:24:36.356Z"}
{"level":"info","message":{"duration":81,"params":"[\"Dio\",0]","query":"SELECT COUNT(*) AS \"_count._all\" FROM (SELECT \"public\".\"users\".\"username\" FROM \"public\".\"users\" WHERE \"public\".\"users\".\"username\" = $1 OFFSET $2) AS \"sub\"","target":"quaint::connector::metrics","timestamp":"2025-07-11T11:24:36.615Z"},"timestamp":"2025-07-11T11:24:36.617Z"}
{"level":"info","message":{"duration":7,"params":"[\"Dio\",\"$2b$10$xPhd4ZjqOJupeSKdRkYbiudPCqoRnqQsmYX.lTBGKhdE/jzFNj1q6\",\"Dio\"]","query":"INSERT INTO \"public\".\"users\" (\"username\",\"password\",\"name\") VALUES ($1,$2,$3) RETURNING \"public\".\"users\".\"username\", \"public\".\"users\".\"name\"","target":"quaint::connector::metrics","timestamp":"2025-07-11T11:24:36.971Z"},"timestamp":"2025-07-11T11:24:36.971Z"}
{"level":"info","message":"Apakah dia promise?undefined","timestamp":"2025-07-11T11:24:37.024Z"}
{"level":"info","message":{"duration":21,"params":"[\"Dio\"]","query":"DELETE FROM \"public\".\"users\" WHERE \"public\".\"users\".\"username\" = $1","target":"quaint::connector::metrics","timestamp":"2025-07-11T11:24:37.060Z"},"timestamp":"2025-07-11T11:24:37.060Z"}
{"level":"info","message":{"duration":0,"params":"[\"\",0]","query":"SELECT COUNT(*) AS \"_count._all\" FROM (SELECT \"public\".\"users\".\"username\" FROM \"public\".\"users\" WHERE \"public\".\"users\".\"username\" = $1 OFFSET $2) AS \"sub\"","target":"quaint::connector::metrics","timestamp":"2025-07-11T11:24:37.116Z"},"timestamp":"2025-07-11T11:24:37.116Z"}
{"level":"info","message":{"errors":"Username Sudah Digunakan"},"timestamp":"2025-07-11T11:24:37.123Z"}
{"level":"info","message":{"duration":0,"params":"[\"Dio\"]","query":"DELETE FROM \"public\".\"users\" WHERE \"public\".\"users\".\"username\" = $1","target":"quaint::connector::metrics","timestamp":"2025-07-11T11:24:37.127Z"},"timestamp":"2025-07-11T11:24:37.127Z"}
{"level":"info","message":{"duration":0,"params":"[\"Dio\",0]","query":"SELECT COUNT(*) AS \"_count._all\" FROM (SELECT \"public\".\"users\".\"username\" FROM \"public\".\"users\" WHERE \"public\".\"users\".\"username\" = $1 OFFSET $2) AS \"sub\"","target":"quaint::connector::metrics","timestamp":"2025-07-11T11:24:37.142Z"},"timestamp":"2025-07-11T11:24:37.142Z"}
{"level":"info","message":{"duration":1,"params":"[\"Dio\",\"$2b$10$l.oUl1n6TuA0Hju7AQUbyekY2YB2pJrdx6WxrPPgQHoSEUXO5Hpxu\",\"Dio\"]","query":"INSERT INTO \"public\".\"users\" (\"username\",\"password\",\"name\") VALUES ($1,$2,$3) RETURNING \"public\".\"users\".\"username\", \"public\".\"users\".\"name\"","target":"quaint::connector::metrics","timestamp":"2025-07-11T11:24:37.294Z"},"timestamp":"2025-07-11T11:24:37.294Z"}
{"level":"info","message":{"duration":0,"params":"[\"Dio\",0]","query":"SELECT COUNT(*) AS \"_count._all\" FROM (SELECT \"public\".\"users\".\"username\" FROM \"public\".\"users\" WHERE \"public\".\"users\".\"username\" = $1 OFFSET $2) AS \"sub\"","target":"quaint::connector::metrics","timestamp":"2025-07-11T11:24:37.318Z"},"timestamp":"2025-07-11T11:24:37.318Z"}
{"level":"info","message":{"errors":"Username Sudah Digunakan"},"timestamp":"2025-07-11T11:24:37.323Z"}
{"level":"info","message":{"duration":0,"params":"[\"Dio\"]","query":"DELETE FROM \"public\".\"users\" WHERE \"public\".\"users\".\"username\" = $1","target":"quaint::connector::metrics","timestamp":"2025-07-11T11:24:37.327Z"},"timestamp":"2025-07-11T11:24:37.327Z"}
{"level":"info","message":"Starting a postgresql pool with 5 connections.","target":"quaint::pooled","timestamp":"2025-07-13T06:16:32.416Z"}
{"level":"info","message":{"duration":67,"params":"[\"Dio\",0]","query":"SELECT COUNT(*) AS \"_count._all\" FROM (SELECT \"public\".\"users\".\"username\" FROM \"public\".\"users\" WHERE \"public\".\"users\".\"username\" = $1 OFFSET $2) AS \"sub\"","target":"quaint::connector::metrics","timestamp":"2025-07-13T06:16:32.601Z"},"timestamp":"2025-07-13T06:16:32.601Z"}
{"level":"info","message":{"duration":5,"params":"[\"Dio\",\"$2b$10$2rd8bEANZ.ToKQYB12UA/.jwDHA6PSwuar9FRvKW72qmfnVamY8ea\",\"Dio\"]","query":"INSERT INTO \"public\".\"users\" (\"username\",\"password\",\"name\") VALUES ($1,$2,$3) RETURNING \"public\".\"users\".\"username\", \"public\".\"users\".\"name\"","target":"quaint::connector::metrics","timestamp":"2025-07-13T06:16:32.714Z"},"timestamp":"2025-07-13T06:16:32.714Z"}
{"level":"info","message":"Apakah dia promise?undefined","timestamp":"2025-07-13T06:16:32.728Z"}
{"level":"info","message":{"duration":20,"params":"[\"Dio\"]","query":"DELETE FROM \"public\".\"users\" WHERE \"public\".\"users\".\"username\" = $1","target":"quaint::connector::metrics","timestamp":"2025-07-13T06:16:32.756Z"},"timestamp":"2025-07-13T06:16:32.756Z"}
{"level":"info","message":{"duration":0,"params":"[\"\",0]","query":"SELECT COUNT(*) AS \"_count._all\" FROM (SELECT \"public\".\"users\".\"username\" FROM \"public\".\"users\" WHERE \"public\".\"users\".\"username\" = $1 OFFSET $2) AS \"sub\"","target":"quaint::connector::metrics","timestamp":"2025-07-13T06:16:32.818Z"},"timestamp":"2025-07-13T06:16:32.818Z"}
{"level":"info","message":{"errors":"Username Sudah Digunakan"},"timestamp":"2025-07-13T06:16:32.826Z"}
{"level":"info","message":{"duration":0,"params":"[\"Dio\"]","query":"DELETE FROM \"public\".\"users\" WHERE \"public\".\"users\".\"username\" = $1","target":"quaint::connector::metrics","timestamp":"2025-07-13T06:16:32.829Z"},"timestamp":"2025-07-13T06:16:32.829Z"}
{"level":"info","message":{"duration":0,"params":"[\"Dio\",0]","query":"SELECT COUNT(*) AS \"_count._all\" FROM (SELECT \"public\".\"users\".\"username\" FROM \"public\".\"users\" WHERE \"public\".\"users\".\"username\" = $1 OFFSET $2) AS \"sub\"","target":"quaint::connector::metrics","timestamp":"2025-07-13T06:16:32.847Z"},"timestamp":"2025-07-13T06:16:32.847Z"}
{"level":"info","message":{"duration":0,"params":"[\"Dio\",\"$2b$10$g3jzlsi7CU5bEvci6BqtR.PIH8NX9YZK3qjQ3X8Wojn.vncvmuWlG\",\"Dio\"]","query":"INSERT INTO \"public\".\"users\" (\"username\",\"password\",\"name\") VALUES ($1,$2,$3) RETURNING \"public\".\"users\".\"username\", \"public\".\"users\".\"name\"","target":"quaint::connector::metrics","timestamp":"2025-07-13T06:16:32.991Z"},"timestamp":"2025-07-13T06:16:32.991Z"}
{"level":"info","message":{"duration":0,"params":"[\"Dio\",0]","query":"SELECT COUNT(*) AS \"_count._all\" FROM (SELECT \"public\".\"users\".\"username\" FROM \"public\".\"users\" WHERE \"public\".\"users\".\"username\" = $1 OFFSET $2) AS \"sub\"","target":"quaint::connector::metrics","timestamp":"2025-07-13T06:16:33.007Z"},"timestamp":"2025-07-13T06:16:33.007Z"}
{"level":"info","message":{"errors":"Username Sudah Digunakan"},"timestamp":"2025-07-13T06:16:33.013Z"}
{"level":"info","message":{"duration":0,"params":"[\"Dio\"]","query":"DELETE FROM \"public\".\"users\" WHERE \"public\".\"users\".\"username\" = $1","target":"quaint::connector::metrics","timestamp":"2025-07-13T06:16:33.016Z"},"timestamp":"2025-07-13T06:16:33.016Z"}
{"level":"info","message":"App Start","timestamp":"2025-07-13T06:20:21.416Z"}
